[1] local_planning_policy: City of Cockburn LPP 1.12 - Noise Attenuation
[2] local_planning_policy: City of Cockburn LPP 4.3 - Newmarket Precinct Design Guidelines
[3] local_planning_policy: City of Cockburn LPP 4.7 - Phoenix Activity Centre Design Guidelines
[4] local_planning_policy: City of Cockburn LPP 5.13 - Percent for Art
[5] local_planning_policy: City of Cockburn LPP 5.21 - Temporary Events
[6] local_planning_policy: City of Cockburn LPP 5.4 - Utility Infrastructure
[7] local_planning_policy: City of Cockburn LPP 5.8 - Sea Containers
[8] local_planning_policy: City of Melville LPP 1.10 - Amenity Policy
[9] local_planning_policy: City of Melville LPP 1.4 - Provision of Public Art in Development Prop
[10] region_scheme: Metropolitan Region Scheme
[11] regulations: Planning and Development (Planning Codes) Regulations 2024
[12] regulations: Town Planning (Height of Obstructions at Corners) General By-laws 1975
[13] state_planning_policy: State Planning Policy 3.0 - Urban Growth and Settlement
[14] state_planning_policy: State Planning Policy 4.2 - Activity Centres for Perth and Peel
[15] state_planning_policy: State Planning Policy 5.2 - Telecommunications Infrastructure
[16] state_planning_policy: State Planning Policy 7.0 - Design of the Built Environment
{
  "wp": "WP4",
  "worker": "wp4-local-w1",
  "processed": 16,
  "summary": {
    "acquired": 11,
    "metadata_only": 0,
    "blocked": 5,
    "errors": 0
  },
  "manifest_status_after": {
    "acquired": 202,
    "blocked": 13,
    "metadata_only": 10,
    "out_of_scope": 17,
    "pending": 2
  },
  "items": [
    {
      "manifest_id": "683f8658-ffc9-5c51-a7d0-e9c59d84769c",
      "instrument": "City of Cockburn LPP 1.12 - Noise Attenuation",
      "category": "local_planning_policy",
      "status": "blocked",
      "doc_id": "None",
      "notes": "3 fetch attempts failed: 'charmap' codec can't encode character '\\u2010' in position 469: character maps to <undefined>. UNBLOCK: re-run scripts/wp4_acquire.py (or fix canonical_url)"
    },
    {
      "manifest_id": "b25e88b7-b767-558b-80e3-0d1b39adcd61",
      "instrument": "City of Cockburn LPP 4.3 - Newmarket Precinct Design Guidelines",
      "category": "local_planning_policy",
      "status": "acquired",
      "doc_id": "2bed281d-9ce4-5ede-b1ec-de80feb2d78a",
      "notes": "WP4 acquired (6 chunks, duplicate=False)",
      "chunks": "6",
      "duplicate": "False"
    },
    {
      "manifest_id": "294ef6b2-fd7a-5769-8ca6-4c1b79e1124a",
      "instrument": "City of Cockburn LPP 4.7 - Phoenix Activity Centre Design Guidelines",
      "category": "local_planning_policy",
      "status": "acquired",
      "doc_id": "e04770f5-95e2-53c3-a839-d7b9117bf96f",
      "notes": "WP4 acquired (11 chunks, duplicate=False)",
      "chunks": "11",
      "duplicate": "False"
    },
    {
      "manifest_id": "92ed3cde-7617-5cf8-b084-c15794288016",
      "instrument": "City of Cockburn LPP 5.13 - Percent for Art",
      "category": "local_planning_policy",
      "status": "acquired",
      "doc_id": "01bbb798-12de-52df-93f8-93f045fae13c",
      "notes": "WP4 acquired (5 chunks, duplicate=False)",
      "chunks": "5",
      "duplicate": "False"
    },
    {
      "manifest_id": "af16777a-d1e6-5dd1-bdfa-e1d1c2110b6e",
      "instrument": "City of Cockburn LPP 5.21 - Temporary Events",
      "category": "local_planning_policy",
      "status": "acquired",
      "doc_id": "f1ad7a07-52b6-5771-b513-0618cb6779c6",
      "notes": "WP4 acquired (5 chunks, duplicate=False)",
      "chunks": "5",
      "duplicate": "False"
    },
    {
      "manifest_id": "cbd81b4e-c453-5494-bec2-7af6a826ff61",
      "instrument": "City of Cockburn LPP 5.4 - Utility Infrastructure",
      "category": "local_planning_policy",
      "status": "acquired",
      "doc_id": "0225e993-9d41-51c1-b9e7-cdef0d139a0a",
      "notes": "WP4 acquired (13 chunks, duplicate=False)",
      "chunks": "13",
      "duplicate": "False"
    },
    {
      "manifest_id": "84bb874d-8f46-5ae4-ab5f-3d1af616dde5",
      "instrument": "City of Cockburn LPP 5.8 - Sea Containers",
      "category": "local_planning_policy",
      "status": "acquired",
      "doc_id": "0191c49f-4eeb-5908-b05a-3a6c50a267d0",
      "notes": "WP4 acquired (3 chunks, duplicate=False)",
      "chunks": "3",
      "duplicate": "False"
    },
    {
      "manifest_id": "5972f86b-10d9-5c4e-bd62-9992785a6b7b",
      "instrument": "City of Melville LPP 1.10 - Amenity Policy",
      "category": "local_planning_policy",
      "status": "acquired",
      "doc_id": "be565245-827d-5810-8b4d-b56d620acf1e",
      "notes": "WP4 acquired (4 chunks, duplicate=False)",
      "chunks": "4",
      "duplicate": "False"
    },
    {
      "manifest_id": "592f459e-18a7-5d03-a98b-495281dae2d1",
      "instrument": "City of Melville LPP 1.4 - Provision of Public Art in Development Proposals",
      "category": "local_planning_policy",
      "status": "blocked",
      "doc_id": "None",
      "notes": "3 fetch attempts failed: 'charmap' codec can't encode character '\\uf0b7' in position 0: character maps to <undefined>. UNBLOCK: re-run scripts/wp4_acquire.py (or fix canonical_url)"
    },
    {
      "manifest_id": "07931dc0-f5bd-55a6-ba83-27e1e404f426",
      "instrument": "Metropolitan Region Scheme",
      "category": "region_scheme",
      "status": "blocked",
      "doc_id": "None",
      "notes": "3 fetch attempts failed: 'charmap' codec can't encode character '\\u27a4' in position 168: character maps to <undefined>. UNBLOCK: re-run scripts/wp4_acquire.py (or fix canonical_url)"
    },
    {
      "manifest_id": "f43253ae-ae6d-5c1a-812b-e5355d6f7114",
      "instrument": "Planning and Development (Planning Codes) Regulations 2024",
      "category": "regulations",
      "status": "blocked",
      "doc_id": "None",
      "notes": "3 fetch attempts failed: 'charmap' codec can't encode character '\\u27a4' in position 168: character maps to <undefined>. UNBLOCK: re-run scripts/wp4_acquire.py (or fix canonical_url)"
    },
    {
      "manifest_id": "0aaa6e02-d0da-5c22-82ce-aba9d1c771be",
      "instrument": "Town Planning (Height of Obstructions at Corners) General By-laws 1975",
      "category": "regulations",
      "status": "blocked",
      "doc_id": "None",
      "notes": "3 fetch attempts failed: 'charmap' codec can't encode character '\\u27a4' in position 168: character maps to <undefined>. UNBLOCK: re-run scripts/wp4_acquire.py (or fix canonical_url)"
    },
    {
      "manifest_id": "7b080bb7-1f7f-559f-9a2d-9547cc0e64cc",
      "instrument": "State Planning Policy 3.0 - Urban Growth and Settlement",
      "category": "state_planning_policy",
      "status": "acquired",
      "doc_id": "7ddd078b-648b-5961-89dc-7f941d16f08b",
      "notes": "WP4 acquired (11 chunks, duplicate=False)",
      "chunks": "11",
      "duplicate": "False"
    },
    {
      "manifest_id": "3e610b17-ed5a-5bca-831b-ea9aefa8692a",
      "instrument": "State Planning Policy 4.2 - Activity Centres for Perth and Peel",
      "category": "state_planning_policy",
      "status": "acquired",
      "doc_id": "41a7309a-55b8-56ff-b262-357d1c2a31ab",
      "notes": "WP4 acquired (18 chunks, duplicate=False)",
      "chunks": "18",
      "duplicate": "False"
    },
    {
      "manifest_id": "158f547c-4f0a-50c4-a4be-5acb46e0390d",
      "instrument": "State Planning Policy 5.2 - Telecommunications Infrastructure",
      "category": "state_planning_policy",
      "status": "acquired",
      "doc_id": "023f1a41-545e-5fa1-95d0-3eae4e43f6b9",
      "notes": "WP4 acquired (10 chunks, duplicate=False)",
      "chunks": "10",
      "duplicate": "False"
    },
    {
      "manifest_id": "f215b646-4f1b-5806-9de7-c4f30faf18bb",
      "instrument": "State Planning Policy 7.0 - Design of the Built Environment",
      "category": "state_planning_policy",
      "status": "acquired",
      "doc_id": "a3b8cf22-6ae8-5966-8bf4-60579a72091c",
      "notes": "WP4 acquired (13 chunks, duplicate=False)",
      "chunks": "13",
      "duplicate": "False"
    }
  ]
}

